<?xml version="1.0" encoding="UTF-8"?>
<testng-results ignored="0" total="1" passed="1" failed="0" skipped="0">
  <reporter-output>
  </reporter-output>
  <suite started-at="2019-04-28T06:25:00Z" name="Default suite" finished-at="2019-04-28T06:25:01Z" duration-ms="639">
    <groups>
    </groups>
    <test started-at="2019-04-28T06:25:00Z" name="Default test" finished-at="2019-04-28T06:25:01Z" duration-ms="639">
      <class name="testN.NG.TestDemo">
        <test-method signature="f()[pri:0, instance:testN.NG.TestDemo@6ab778a]" started-at="2019-04-28T14:25:00Z" name="f" finished-at="2019-04-28T14:25:01Z" duration-ms="619" status="PASS">
          <reporter-output>
          </reporter-output>
        </test-method> <!-- f -->
      </class> <!-- testN.NG.TestDemo -->
    </test> <!-- Default test -->
  </suite> <!-- Default suite -->
</testng-results>
